<?xml version="1.0" encoding="UTF-8"?>
<coverage generated="1724324557865" clover="3.2.0">
  <project timestamp="1724324557865" name="All files">
    <metrics statements="73" coveredstatements="51" conditionals="40" coveredconditionals="26" methods="11" coveredmethods="8" elements="124" coveredelements="85" complexity="0" loc="73" ncloc="73" packages="1" files="1" classes="1"/>
    <file name="app.js" path="C:\Users\Alexandra\Downloads\Tipti\Proyectos\Proyecto_ReservaHoteles\2da_version\src\app.js">
      <metrics statements="73" coveredstatements="51" conditionals="40" coveredconditionals="26" methods="11" coveredmethods="8"/>
      <line num="2" count="1" type="stmt"/>
      <line num="37" count="9" type="cond" truecount="1" falsecount="1"/>
      <line num="38" count="0" type="stmt"/>
      <line num="39" count="0" type="stmt"/>
      <line num="43" count="9" type="stmt"/>
      <line num="44" count="9" type="cond" truecount="1" falsecount="1"/>
      <line num="45" count="0" type="stmt"/>
      <line num="46" count="0" type="stmt"/>
      <line num="49" count="9" type="stmt"/>
      <line num="50" count="9" type="stmt"/>
      <line num="55" count="9" type="stmt"/>
      <line num="56" count="9" type="stmt"/>
      <line num="57" count="9" type="stmt"/>
      <line num="59" count="9" type="cond" truecount="4" falsecount="1"/>
      <line num="60" count="0" type="stmt"/>
      <line num="61" count="0" type="stmt"/>
      <line num="64" count="9" type="stmt"/>
      <line num="103" count="0" type="stmt"/>
      <line num="104" count="0" type="cond" truecount="0" falsecount="2"/>
      <line num="127" count="3" type="stmt"/>
      <line num="129" count="3" type="cond" truecount="3" falsecount="1"/>
      <line num="130" count="0" type="stmt"/>
      <line num="131" count="0" type="stmt"/>
      <line num="134" count="6" type="stmt"/>
      <line num="135" count="3" type="cond" truecount="1" falsecount="1"/>
      <line num="136" count="0" type="stmt"/>
      <line num="137" count="0" type="stmt"/>
      <line num="140" count="3" type="stmt"/>
      <line num="141" count="3" type="stmt"/>
      <line num="142" count="3" type="stmt"/>
      <line num="144" count="9" type="stmt"/>
      <line num="145" count="3" type="stmt"/>
      <line num="147" count="3" type="stmt"/>
      <line num="148" count="3" type="stmt"/>
      <line num="150" count="3" type="stmt"/>
      <line num="156" count="11" type="stmt"/>
      <line num="157" count="11" type="stmt"/>
      <line num="158" count="11" type="stmt"/>
      <line num="159" count="11" type="stmt"/>
      <line num="161" count="11" type="stmt"/>
      <line num="162" count="31" type="cond" truecount="3" falsecount="1"/>
      <line num="163" count="0" type="stmt"/>
      <line num="164" count="0" type="stmt"/>
      <line num="167" count="31" type="stmt"/>
      <line num="168" count="31" type="cond" truecount="2" falsecount="0"/>
      <line num="172" count="31" type="cond" truecount="2" falsecount="0"/>
      <line num="173" count="11" type="cond" truecount="1" falsecount="1"/>
      <line num="174" count="20" type="cond" truecount="1" falsecount="1"/>
      <line num="175" count="20" type="cond" truecount="2" falsecount="0"/>
      <line num="177" count="0" type="stmt"/>
      <line num="178" count="0" type="stmt"/>
      <line num="180" count="31" type="stmt"/>
      <line num="182" count="11" type="stmt"/>
      <line num="230" count="3" type="stmt"/>
      <line num="232" count="3" type="stmt"/>
      <line num="233" count="3" type="stmt"/>
      <line num="236" count="3" type="stmt"/>
      <line num="237" count="9" type="stmt"/>
      <line num="239" count="9" type="cond" truecount="4" falsecount="1"/>
      <line num="241" count="7" type="stmt"/>
      <line num="242" count="7" type="stmt"/>
      <line num="261" count="3" type="cond" truecount="1" falsecount="1"/>
      <line num="266" count="0" type="stmt"/>
      <line num="267" count="0" type="stmt"/>
      <line num="268" count="0" type="stmt"/>
      <line num="269" count="0" type="stmt"/>
      <line num="272" count="1" type="stmt"/>
      <line num="273" count="0" type="stmt"/>
      <line num="274" count="0" type="stmt"/>
      <line num="277" count="1" type="stmt"/>
      <line num="278" count="1" type="stmt"/>
      <line num="279" count="1" type="stmt"/>
      <line num="280" count="1" type="stmt"/>
    </file>
  </project>
</coverage>
