{"C:\\Users\\Alexandra\\Downloads\\Tipti\\Proyectos\\Proyecto_ReservaHoteles\\2da_version\\src\\app.js": {"path":"C:\\Users\\Alexandra\\Downloads\\Tipti\\Proyectos\\Proyecto_ReservaHoteles\\2da_version\\src\\app.js","statementMap":{"0":{"start":{"line":2,"column":15},"end":{"line":33,"column":1}},"1":{"start":{"line":37,"column":4},"end":{"line":40,"column":5}},"2":{"start":{"line":38,"column":8},"end":{"line":38,"column":66}},"3":{"start":{"line":39,"column":8},"end":{"line":39,"column":20}},"4":{"start":{"line":43,"column":18},"end":{"line":43,"column":78}},"5":{"start":{"line":44,"column":4},"end":{"line":47,"column":5}},"6":{"start":{"line":45,"column":8},"end":{"line":45,"column":75}},"7":{"start":{"line":46,"column":8},"end":{"line":46,"column":20}},"8":{"start":{"line":49,"column":36},"end":{"line":49,"column":41}},"9":{"start":{"line":50,"column":21},"end":{"line":53,"column":5}},"10":{"start":{"line":55,"column":18},"end":{"line":55,"column":47}},"11":{"start":{"line":56,"column":22},"end":{"line":56,"column":39}},"12":{"start":{"line":57,"column":23},"end":{"line":57,"column":41}},"13":{"start":{"line":59,"column":4},"end":{"line":62,"column":5}},"14":{"start":{"line":60,"column":8},"end":{"line":60,"column":77}},"15":{"start":{"line":61,"column":8},"end":{"line":61,"column":20}},"16":{"start":{"line":64,"column":4},"end":{"line":64,"column":50}},"17":{"start":{"line":103,"column":16},"end":{"line":103,"column":29}},"18":{"start":{"line":104,"column":4},"end":{"line":104,"column":34}},"19":{"start":{"line":127,"column":4},"end":{"line":127,"column":44}},"20":{"start":{"line":129,"column":4},"end":{"line":132,"column":5}},"21":{"start":{"line":130,"column":8},"end":{"line":130,"column":43}},"22":{"start":{"line":131,"column":8},"end":{"line":131,"column":47}},"23":{"start":{"line":134,"column":18},"end":{"line":134,"column":59}},"24":{"start":{"line":134,"column":47},"end":{"line":134,"column":58}},"25":{"start":{"line":135,"column":4},"end":{"line":138,"column":5}},"26":{"start":{"line":136,"column":8},"end":{"line":136,"column":55}},"27":{"start":{"line":137,"column":8},"end":{"line":137,"column":47}},"28":{"start":{"line":140,"column":44},"end":{"line":140,"column":49}},"29":{"start":{"line":141,"column":4},"end":{"line":141,"column":50}},"30":{"start":{"line":142,"column":4},"end":{"line":142,"column":53}},"31":{"start":{"line":144,"column":24},"end":{"line":144,"column":75}},"32":{"start":{"line":144,"column":63},"end":{"line":144,"column":74}},"33":{"start":{"line":145,"column":4},"end":{"line":145,"column":51}},"34":{"start":{"line":147,"column":18},"end":{"line":147,"column":47}},"35":{"start":{"line":148,"column":4},"end":{"line":148,"column":44}},"36":{"start":{"line":150,"column":4},"end":{"line":150,"column":35}},"37":{"start":{"line":156,"column":20},"end":{"line":156,"column":21}},"38":{"start":{"line":157,"column":4},"end":{"line":157,"column":46}},"39":{"start":{"line":158,"column":25},"end":{"line":158,"column":43}},"40":{"start":{"line":159,"column":25},"end":{"line":159,"column":43}},"41":{"start":{"line":161,"column":4},"end":{"line":181,"column":7}},"42":{"start":{"line":162,"column":8},"end":{"line":165,"column":9}},"43":{"start":{"line":163,"column":12},"end":{"line":163,"column":66}},"44":{"start":{"line":164,"column":12},"end":{"line":164,"column":19}},"45":{"start":{"line":167,"column":26},"end":{"line":167,"column":39}},"46":{"start":{"line":168,"column":26},"end":{"line":168,"column":60}},"47":{"start":{"line":172,"column":8},"end":{"line":179,"column":9}},"48":{"start":{"line":173,"column":12},"end":{"line":173,"column":87}},"49":{"start":{"line":174,"column":15},"end":{"line":179,"column":9}},"50":{"start":{"line":175,"column":12},"end":{"line":175,"column":87}},"51":{"start":{"line":177,"column":12},"end":{"line":177,"column":72}},"52":{"start":{"line":178,"column":12},"end":{"line":178,"column":19}},"53":{"start":{"line":180,"column":8},"end":{"line":180,"column":26}},"54":{"start":{"line":182,"column":4},"end":{"line":182,"column":21}},"55":{"start":{"line":230,"column":36},"end":{"line":230,"column":53}},"56":{"start":{"line":232,"column":24},"end":{"line":232,"column":28}},"57":{"start":{"line":233,"column":18},"end":{"line":233,"column":26}},"58":{"start":{"line":236,"column":4},"end":{"line":244,"column":7}},"59":{"start":{"line":237,"column":21},"end":{"line":237,"column":62}},"60":{"start":{"line":239,"column":8},"end":{"line":243,"column":9}},"61":{"start":{"line":241,"column":12},"end":{"line":241,"column":34}},"62":{"start":{"line":242,"column":12},"end":{"line":242,"column":27}},"63":{"start":{"line":261,"column":4},"end":{"line":261,"column":81}},"64":{"start":{"line":266,"column":18},"end":{"line":266,"column":56}},"65":{"start":{"line":267,"column":4},"end":{"line":267,"column":44}},"66":{"start":{"line":268,"column":26},"end":{"line":268,"column":50}},"67":{"start":{"line":269,"column":4},"end":{"line":269,"column":95}},"68":{"start":{"line":272,"column":0},"end":{"line":275,"column":3}},"69":{"start":{"line":273,"column":19},"end":{"line":273,"column":51}},"70":{"start":{"line":274,"column":4},"end":{"line":274,"column":56}},"71":{"start":{"line":277,"column":0},"end":{"line":277,"column":37}},"72":{"start":{"line":278,"column":0},"end":{"line":278,"column":45}},"73":{"start":{"line":279,"column":0},"end":{"line":279,"column":45}},"74":{"start":{"line":280,"column":0},"end":{"line":280,"column":31}}},"fnMap":{"0":{"name":"stringToDate","decl":{"start":{"line":36,"column":9},"end":{"line":36,"column":21}},"loc":{"start":{"line":36,"column":34},"end":{"line":100,"column":1}},"line":36},"1":{"name":"isWeekend","decl":{"start":{"line":102,"column":9},"end":{"line":102,"column":18}},"loc":{"start":{"line":102,"column":24},"end":{"line":105,"column":1}},"line":102},"2":{"name":"parseInput","decl":{"start":{"line":108,"column":16},"end":{"line":108,"column":26}},"loc":{"start":{"line":108,"column":34},"end":{"line":151,"column":1}},"line":108},"3":{"name":"(anonymous_3)","decl":{"start":{"line":134,"column":39},"end":{"line":134,"column":40}},"loc":{"start":{"line":134,"column":47},"end":{"line":134,"column":58}},"line":134},"4":{"name":"(anonymous_4)","decl":{"start":{"line":144,"column":55},"end":{"line":144,"column":56}},"loc":{"start":{"line":144,"column":63},"end":{"line":144,"column":74}},"line":144},"5":{"name":"calculateCost","decl":{"start":{"line":154,"column":16},"end":{"line":154,"column":29}},"loc":{"start":{"line":154,"column":58},"end":{"line":192,"column":1}},"line":154},"6":{"name":"(anonymous_6)","decl":{"start":{"line":161,"column":18},"end":{"line":161,"column":19}},"loc":{"start":{"line":161,"column":26},"end":{"line":181,"column":5}},"line":161},"7":{"name":"findCheapestHotel","decl":{"start":{"line":195,"column":16},"end":{"line":195,"column":33}},"loc":{"start":{"line":195,"column":41},"end":{"line":262,"column":1}},"line":195},"8":{"name":"(anonymous_8)","decl":{"start":{"line":236,"column":19},"end":{"line":236,"column":20}},"loc":{"start":{"line":236,"column":28},"end":{"line":244,"column":5}},"line":236},"9":{"name":"showCheapestHotel","decl":{"start":{"line":265,"column":16},"end":{"line":265,"column":33}},"loc":{"start":{"line":265,"column":36},"end":{"line":270,"column":1}},"line":265},"10":{"name":"(anonymous_10)","decl":{"start":{"line":272,"column":46},"end":{"line":272,"column":47}},"loc":{"start":{"line":272,"column":52},"end":{"line":275,"column":1}},"line":272}},"branchMap":{"0":{"loc":{"start":{"line":37,"column":4},"end":{"line":40,"column":5}},"type":"if","locations":[{"start":{"line":37,"column":4},"end":{"line":40,"column":5}},{"start":{},"end":{}}],"line":37},"1":{"loc":{"start":{"line":44,"column":4},"end":{"line":47,"column":5}},"type":"if","locations":[{"start":{"line":44,"column":4},"end":{"line":47,"column":5}},{"start":{},"end":{}}],"line":44},"2":{"loc":{"start":{"line":59,"column":4},"end":{"line":62,"column":5}},"type":"if","locations":[{"start":{"line":59,"column":4},"end":{"line":62,"column":5}},{"start":{},"end":{}}],"line":59},"3":{"loc":{"start":{"line":59,"column":8},"end":{"line":59,"column":61}},"type":"binary-expr","locations":[{"start":{"line":59,"column":8},"end":{"line":59,"column":20}},{"start":{"line":59,"column":24},"end":{"line":59,"column":40}},{"start":{"line":59,"column":44},"end":{"line":59,"column":61}}],"line":59},"4":{"loc":{"start":{"line":104,"column":11},"end":{"line":104,"column":33}},"type":"binary-expr","locations":[{"start":{"line":104,"column":11},"end":{"line":104,"column":20}},{"start":{"line":104,"column":24},"end":{"line":104,"column":33}}],"line":104},"5":{"loc":{"start":{"line":129,"column":4},"end":{"line":132,"column":5}},"type":"if","locations":[{"start":{"line":129,"column":4},"end":{"line":132,"column":5}},{"start":{},"end":{}}],"line":129},"6":{"loc":{"start":{"line":129,"column":8},"end":{"line":129,"column":43}},"type":"binary-expr","locations":[{"start":{"line":129,"column":8},"end":{"line":129,"column":14}},{"start":{"line":129,"column":18},"end":{"line":129,"column":43}}],"line":129},"7":{"loc":{"start":{"line":135,"column":4},"end":{"line":138,"column":5}},"type":"if","locations":[{"start":{"line":135,"column":4},"end":{"line":138,"column":5}},{"start":{},"end":{}}],"line":135},"8":{"loc":{"start":{"line":162,"column":8},"end":{"line":165,"column":9}},"type":"if","locations":[{"start":{"line":162,"column":8},"end":{"line":165,"column":9}},{"start":{},"end":{}}],"line":162},"9":{"loc":{"start":{"line":162,"column":12},"end":{"line":162,"column":60}},"type":"binary-expr","locations":[{"start":{"line":162,"column":12},"end":{"line":162,"column":35}},{"start":{"line":162,"column":39},"end":{"line":162,"column":60}}],"line":162},"10":{"loc":{"start":{"line":168,"column":26},"end":{"line":168,"column":60}},"type":"binary-expr","locations":[{"start":{"line":168,"column":26},"end":{"line":168,"column":41}},{"start":{"line":168,"column":45},"end":{"line":168,"column":60}}],"line":168},"11":{"loc":{"start":{"line":172,"column":8},"end":{"line":179,"column":9}},"type":"if","locations":[{"start":{"line":172,"column":8},"end":{"line":179,"column":9}},{"start":{"line":174,"column":15},"end":{"line":179,"column":9}}],"line":172},"12":{"loc":{"start":{"line":173,"column":19},"end":{"line":173,"column":86}},"type":"cond-expr","locations":[{"start":{"line":173,"column":31},"end":{"line":173,"column":57}},{"start":{"line":173,"column":60},"end":{"line":173,"column":86}}],"line":173},"13":{"loc":{"start":{"line":174,"column":15},"end":{"line":179,"column":9}},"type":"if","locations":[{"start":{"line":174,"column":15},"end":{"line":179,"column":9}},{"start":{"line":176,"column":15},"end":{"line":179,"column":9}}],"line":174},"14":{"loc":{"start":{"line":175,"column":19},"end":{"line":175,"column":86}},"type":"cond-expr","locations":[{"start":{"line":175,"column":31},"end":{"line":175,"column":57}},{"start":{"line":175,"column":60},"end":{"line":175,"column":86}}],"line":175},"15":{"loc":{"start":{"line":239,"column":8},"end":{"line":243,"column":9}},"type":"if","locations":[{"start":{"line":239,"column":8},"end":{"line":243,"column":9}},{"start":{},"end":{}}],"line":239},"16":{"loc":{"start":{"line":239,"column":12},"end":{"line":240,"column":91}},"type":"binary-expr","locations":[{"start":{"line":239,"column":12},"end":{"line":239,"column":26}},{"start":{"line":240,"column":13},"end":{"line":240,"column":29}},{"start":{"line":240,"column":33},"end":{"line":240,"column":90}}],"line":239},"17":{"loc":{"start":{"line":240,"column":49},"end":{"line":240,"column":89}},"type":"cond-expr","locations":[{"start":{"line":240,"column":65},"end":{"line":240,"column":85}},{"start":{"line":240,"column":88},"end":{"line":240,"column":89}}],"line":240},"18":{"loc":{"start":{"line":261,"column":11},"end":{"line":261,"column":80}},"type":"cond-expr","locations":[{"start":{"line":261,"column":27},"end":{"line":261,"column":45}},{"start":{"line":261,"column":48},"end":{"line":261,"column":80}}],"line":261}},"s":{"0":1,"1":9,"2":0,"3":0,"4":9,"5":9,"6":0,"7":0,"8":9,"9":9,"10":9,"11":9,"12":9,"13":9,"14":0,"15":0,"16":9,"17":0,"18":0,"19":3,"20":3,"21":0,"22":0,"23":3,"24":6,"25":3,"26":0,"27":0,"28":3,"29":3,"30":3,"31":3,"32":9,"33":3,"34":3,"35":3,"36":3,"37":11,"38":11,"39":11,"40":11,"41":11,"42":31,"43":0,"44":0,"45":31,"46":31,"47":31,"48":11,"49":20,"50":20,"51":0,"52":0,"53":31,"54":11,"55":3,"56":3,"57":3,"58":3,"59":9,"60":9,"61":7,"62":7,"63":3,"64":0,"65":0,"66":0,"67":0,"68":1,"69":0,"70":0,"71":1,"72":1,"73":1,"74":1},"f":{"0":9,"1":0,"2":3,"3":6,"4":9,"5":11,"6":31,"7":3,"8":9,"9":0,"10":0},"b":{"0":[0,9],"1":[0,9],"2":[0,9],"3":[9,9,9],"4":[0,0],"5":[0,3],"6":[3,3],"7":[0,3],"8":[0,31],"9":[31,31],"10":[31,24],"11":[11,20],"12":[0,11],"13":[20,0],"14":[14,6],"15":[7,2],"16":[9,2,0],"17":[0,0],"18":[3,0]},"_coverageSchema":"1a1c01bbd47fc00a2c39e90264f33305004495a9","hash":"3d25d828aa452fe265b6f5fa4f9d1339a85e52b1"}
}
