TN:
SF:2da_version\src\app.js
FN:36,stringToDate
FN:102,isWeekend
FN:108,parseInput
FN:134,(anonymous_3)
FN:144,(anonymous_4)
FN:154,calculateCost
FN:161,(anonymous_6)
FN:195,findCheapestHotel
FN:236,(anonymous_8)
FN:265,showCheapestHotel
FN:272,(anonymous_10)
FNF:11
FNH:8
FNDA:9,stringToDate
FNDA:0,isWeekend
FNDA:3,parseInput
FNDA:6,(anonymous_3)
FNDA:9,(anonymous_4)
FNDA:11,calculateCost
FNDA:31,(anonymous_6)
FNDA:3,findCheapestHotel
FNDA:9,(anonymous_8)
FNDA:0,showCheapestHotel
FNDA:0,(anonymous_10)
DA:2,1
DA:37,9
DA:38,0
DA:39,0
DA:43,9
DA:44,9
DA:45,0
DA:46,0
DA:49,9
DA:50,9
DA:55,9
DA:56,9
DA:57,9
DA:59,9
DA:60,0
DA:61,0
DA:64,9
DA:103,0
DA:104,0
DA:127,3
DA:129,3
DA:130,0
DA:131,0
DA:134,6
DA:135,3
DA:136,0
DA:137,0
DA:140,3
DA:141,3
DA:142,3
DA:144,9
DA:145,3
DA:147,3
DA:148,3
DA:150,3
DA:156,11
DA:157,11
DA:158,11
DA:159,11
DA:161,11
DA:162,31
DA:163,0
DA:164,0
DA:167,31
DA:168,31
DA:172,31
DA:173,11
DA:174,20
DA:175,20
DA:177,0
DA:178,0
DA:180,31
DA:182,11
DA:230,3
DA:232,3
DA:233,3
DA:236,3
DA:237,9
DA:239,9
DA:241,7
DA:242,7
DA:261,3
DA:266,0
DA:267,0
DA:268,0
DA:269,0
DA:272,1
DA:273,0
DA:274,0
DA:277,1
DA:278,1
DA:279,1
DA:280,1
LF:73
LH:51
BRDA:37,0,0,0
BRDA:37,0,1,9
BRDA:44,1,0,0
BRDA:44,1,1,9
BRDA:59,2,0,0
BRDA:59,2,1,9
BRDA:59,3,0,9
BRDA:59,3,1,9
BRDA:59,3,2,9
BRDA:104,4,0,0
BRDA:104,4,1,0
BRDA:129,5,0,0
BRDA:129,5,1,3
BRDA:129,6,0,3
BRDA:129,6,1,3
BRDA:135,7,0,0
BRDA:135,7,1,3
BRDA:162,8,0,0
BRDA:162,8,1,31
BRDA:162,9,0,31
BRDA:162,9,1,31
BRDA:168,10,0,31
BRDA:168,10,1,24
BRDA:172,11,0,11
BRDA:172,11,1,20
BRDA:173,12,0,0
BRDA:173,12,1,11
BRDA:174,13,0,20
BRDA:174,13,1,0
BRDA:175,14,0,14
BRDA:175,14,1,6
BRDA:239,15,0,7
BRDA:239,15,1,2
BRDA:239,16,0,9
BRDA:239,16,1,2
BRDA:239,16,2,0
BRDA:240,17,0,0
BRDA:240,17,1,0
BRDA:261,18,0,3
BRDA:261,18,1,0
BRF:40
BRH:26
end_of_record
